<?xml version="1.0" encoding="UTF-8"?>
<testsuite name="TestSuite" time="39.328" tests="1" errors="0" skipped="0" failures="0">
  <properties>
    <property name="PROCESSOR_ARCHITECTURE" value="x86"/>
    <property name="file.encoding.pkg" value="sun.io"/>
    <property name="LOGONSERVER" value="\\VWNPR042"/>
    <property name="ProgramData" value="C:\ProgramData"/>
    <property name="java.home" value="C:\java_1.8_64\jre"/>
    <property name="NODE_NAME" value="master"/>
    <property name="deployment.expiration.check.enabled" value="false"/>
    <property name="ALLUSERSPROFILE" value="C:\ProgramData"/>
    <property name="java.endorsed.dirs" value="C:\java_1.8_64\jre\lib\endorsed"/>
    <property name="java.fullversion" value="JRE 1.8.0 IBM J9 2.8 Windows 10 amd64-64 Compressed References 20161013_322271 (JIT enabled, AOT enabled)&#10;J9VM - R28_Java8_SR3_20161013_1635_B322271&#10;JIT  - tr.r14.java.green_20161011_125790&#10;GC   - R28_Java8_SR3_20161013_1635_B322271_CMPRSS&#10;J9CL - 20161013_322271"/>
    <property name="NOTESDIR" value="C:\Program Files (x86)\IBM\Lotus\Notes"/>
    <property name="PSModulePath" value="C:\WINDOWS\system32\WindowsPowerShell\v1.0\Modules\;C:\Program Files\Microsoft Application Virtualization\Client\"/>
    <property name="=::" value="::\"/>
    <property name="USERDOMAIN" value="BCACD001"/>
    <property name="java.vendor.url" value="http://www.ibm.com/"/>
    <property name="CommonProgramFiles(x86)" value="C:\Program Files (x86)\Common Files"/>
    <property name="java.version" value="1.8.0"/>
    <property name="JOB_NAME" value="Cucumber Demo"/>
    <property name="COMPUTERNAME" value="WMTN207729"/>
    <property name="windows_tracing_logfile" value="C:\BVTBin\Tests\installpackage\csilogfile.log"/>
    <property name="com.ibm.oti.shared.enabled" value="false"/>
    <property name="PUBLIC" value="C:\Users\Public"/>
    <property name="com.ibm.oti.vm.library.version" value="28"/>
    <property name="os.encoding" value="UTF8"/>
    <property name="INSTALLW10" value="\\vwnpr322.bcacd001.atl.bluecross.ca\w10img$"/>
    <property name="user.name" value="othnvun"/>
    <property name="sun.io.unicode.encoding" value="UnicodeLittle"/>
    <property name="sun.jnu.encoding" value="Cp1252"/>
    <property name="java.runtime.name" value="Java(TM) SE Runtime Environment"/>
    <property name="windir" value="C:\WINDOWS"/>
    <property name="com.ibm.jcl.checkClassPath" value=""/>
    <property name="PROCESSOR_IDENTIFIER" value="Intel64 Family 6 Model 94 Stepping 3, GenuineIntel"/>
    <property name="ibm.system.encoding" value="Cp1252"/>
    <property name="java.specification.name" value="Java Platform API Specification"/>
    <property name="LOCALAPPDATA" value="C:\Users\othnvun\AppData\Local"/>
    <property name="RUN_CHANGES_DISPLAY_URL" value="http://unconfigured-jenkins-location/job/Cucumber%20Demo/11/display/redirect?page=changes"/>
    <property name="user.timezone" value="America/Halifax"/>
    <property name="PROCESSOR_ARCHITEW6432" value="AMD64"/>
    <property name="java.awt.fonts" value=""/>
    <property name="path.separator" value=";"/>
    <property name="NUMBER_OF_PROCESSORS" value="4"/>
    <property name="BUILD_TAG" value="jenkins-Cucumber Demo-11"/>
    <property name="com.ibm.oti.jcl.build" value="20161013_322271"/>
    <property name="windows_tracing_flags" value="3"/>
    <property name="file.encoding" value="Cp1252"/>
    <property name="com.ibm.oti.configuration" value="scar"/>
    <property name="sun.java.command" value="jenkins.maven3.agent.Maven35Main C:\apache-maven-3.6.0-bin\apache-maven-3.6.0 C:\Users\othnvun\.jenkins\war\WEB-INF\lib\remoting-3.36.1.jar C:\Users\othnvun\.jenkins\plugins\maven-plugin\WEB-INF\lib\maven35-interceptor-1.13.jar C:\Users\othnvun\.jenkins\plugins\maven-plugin\WEB-INF\lib\maven3-interceptor-commons-1.13.jar 52588"/>
    <property name="JENKINS_SERVER_COOKIE" value="5efad05bdf0476ba"/>
    <property name="EXECUTOR_NUMBER" value="0"/>
    <property name="Path" value="C:\java_1.8_64/bin;C:\Ora12cCli32\product\client_1\bin;C:\Program Files (x86)\Common Files\Oracle\Java\javapath;c:\oracl11g;c:\oracl11g\bin;C:\Program Files (x86)\Intel\iCLS Client\;C:\Program Files\Intel\iCLS Client\;C:\WINDOWS\system32;C:\WINDOWS;C:\WINDOWS\System32\Wbem;C:\WINDOWS\System32\WindowsPowerShell\v1.0\;C:\Program Files (x86)\IBM\Lotus\Notes\jvm\bin\classic;C:\Program Files (x86)\IBM\Lotus\Notes;C:\Program Files (x86)\Intel\UCRT\;C:\Program Files\Intel\UCRT\;C:\Program Files (x86)\Intel\Intel(R) Management Engine Components\DAL;C:\Program Files\Intel\Intel(R) Management Engine Components\DAL;C:\Program Files (x86)\Intel\Intel(R) Management Engine Components\IPT;C:\Program Files\Intel\Intel(R) Management Engine Components\IPT;C:\Program Files\Git\cmd;C:\Program Files\TortoiseGit\bin;C:\Program Files\TortoiseSVN\bin;C:\Program Files (x86)\Sennheiser\SoftphoneSDK\;C:\apache-maven-3.6.0-bin\apache-maven-3.6.0\bin;C:\java_1.8_64\bin;C:\Program Files (x86)\PuTTY\;C:\WINDOWS\System32\WindowsPowerShell\v1.0\;C:\Users\othnvun\AppData\Local\Microsoft\WindowsApps;"/>
    <property name="java.io.tmpdir" value="C:\Users\othnvun\AppData\Local\Temp\1\"/>
    <property name="APPDATA" value="\\S-MTN-001\PROFILES$\othnvun\AppData\W7"/>
    <property name="DEFLOGDIR" value="C:\ProgramData\McAfee\Endpoint Security\Logs"/>
    <property name="user.language" value="en"/>
    <property name="line.separator" value="&#10;"/>
    <property name="M2_HOME" value="C:\apache-maven-3.6.0-bin\apache-maven-3.6.0"/>
    <property name="=C:" value="C:\Automation\Jenkins"/>
    <property name="java.vm.info" value="JRE 1.8.0 Windows 10 amd64-64 Compressed References 20161013_322271 (JIT enabled, AOT enabled)&#10;J9VM - R28_Java8_SR3_20161013_1635_B322271&#10;JIT  - tr.r14.java.green_20161011_125790&#10;GC   - R28_Java8_SR3_20161013_1635_B322271_CMPRSS&#10;J9CL - 20161013_322271"/>
    <property name="sun.desktop" value="windows"/>
    <property name="java.vm.specification.name" value="Java Virtual Machine Specification"/>
    <property name="BUILD_DISPLAY_NAME" value="#11"/>
    <property name="OS" value="Windows_NT"/>
    <property name="guice.disable.misplaced.annotation.check" value="true"/>
    <property name="HUDSON_SERVER_COOKIE" value="5efad05bdf0476ba"/>
    <property name="com.ibm.cpu.endian" value="little"/>
    <property name="MAVEN_HOME" value="C:\apache-maven-3.6.0-bin\apache-maven-3.6.0"/>
    <property name="SESSIONNAME" value="Console"/>
    <property name="PATHEXT" value=".COM;.EXE;.BAT;.CMD;.VBS;.VBE;.JS;.JSE;.WSF;.WSH;.MSC"/>
    <property name="java.awt.printerjob" value="sun.awt.windows.WPrinterJob"/>
    <property name="maven3.interceptor.common" value="C:\Users\othnvun\.jenkins\plugins\maven-plugin\WEB-INF\lib\maven3-interceptor-commons-1.13.jar"/>
    <property name="CLASSPATH" value=""/>
    <property name="com.ibm.util.extralibs.properties" value=""/>
    <property name="HOMEPATH" value="\"/>
    <property name="TNS_ADMIN" value="P:\NETWORK\ADMIN"/>
    <property name="os.name" value="Windows 10"/>
    <property name="java.specification.vendor" value="Oracle Corporation"/>
    <property name="FP_NO_HOST_CHECK" value="NO"/>
    <property name="java.vm.name" value="IBM J9 VM"/>
    <property name="BUILD_NUMBER" value="11"/>
    <property name="maven3.interceptor" value="C:\Users\othnvun\.jenkins\plugins\maven-plugin\WEB-INF\lib\maven35-interceptor-1.13.jar"/>
    <property name="java.library.path" value="C:\java_1.8_64\jre\bin\compressedrefs;C:\java_1.8_64\jre\bin;C:\WINDOWS\system32;C:\WINDOWS;C:\apache-maven-3.6.0-bin\apache-maven-3.6.0/bin;C:\java_1.8_64/bin;C:\java_1.8_64/bin;C:\Ora12cCli32\product\client_1\bin;C:\Program Files (x86)\Common Files\Oracle\Java\javapath;c:\oracl11g;c:\oracl11g\bin;C:\Program Files (x86)\Intel\iCLS Client\;C:\Program Files\Intel\iCLS Client\;C:\WINDOWS\system32;C:\WINDOWS;C:\WINDOWS\System32\Wbem;C:\WINDOWS\System32\WindowsPowerShell\v1.0\;C:\Program Files (x86)\IBM\Lotus\Notes\jvm\bin\classic;C:\Program Files (x86)\IBM\Lotus\Notes;C:\Program Files (x86)\Intel\UCRT\;C:\Program Files\Intel\UCRT\;C:\Program Files (x86)\Intel\Intel(R) Management Engine Components\DAL;C:\Program Files\Intel\Intel(R) Management Engine Components\DAL;C:\Program Files (x86)\Intel\Intel(R) Management Engine Components\IPT;C:\Program Files\Intel\Intel(R) Management Engine Components\IPT;C:\Program Files\Git\cmd;C:\Program Files\TortoiseGit\bin;C:\Program Files\TortoiseSVN\bin;C:\Program Files (x86)\Sennheiser\SoftphoneSDK\;C:\apache-maven-3.6.0-bin\apache-maven-3.6.0\bin;C:\java_1.8_64\bin;C:\Program Files (x86)\PuTTY\;C:\WINDOWS\System32\WindowsPowerShell\v1.0\;C:\Users\othnvun\AppData\Local\Microsoft\WindowsApps;;."/>
    <property name="HOMEDRIVE" value="H:"/>
    <property name="HOMESHARE" value="\\s-mtn-001\newhome$\OTHNVUN"/>
    <property name="POM_GROUPID" value="com.gap.automation"/>
    <property name="POM_ARTIFACTID" value="gapautomation"/>
    <property name="java.class.version" value="52.0"/>
    <property name="java.compiler" value="j9jit28"/>
    <property name="console.encoding" value="Cp850"/>
    <property name="OneDrive" value="C:\Users\othnvun\OneDrive"/>
    <property name="RUN_DISPLAY_URL" value="http://unconfigured-jenkins-location/job/Cucumber%20Demo/11/display/redirect"/>
    <property name="JENKINS_HOME" value="C:\Users\othnvun\.jenkins"/>
    <property name="BUILD_ID" value="11"/>
    <property name="TEMP" value="C:\Users\othnvun\AppData\Local\Temp\1"/>
    <property name="sun.boot.library.path" value="C:\java_1.8_64\jre\bin\compressedrefs;C:\java_1.8_64\jre\bin"/>
    <property name="java.awt.graphicsenv" value="sun.awt.Win32GraphicsEnvironment"/>
    <property name="user.variant" value=""/>
    <property name="PROCESSOR_REVISION" value="5e03"/>
    <property name="POM_VERSION" value="1.0-SNAPSHOT"/>
    <property name="HUDSON_HOME" value="C:\Users\othnvun\.jenkins"/>
    <property name="ProgramFiles(x86)" value="C:\Program Files (x86)"/>
    <property name="PATH+MAVEN" value="C:\apache-maven-3.6.0-bin\apache-maven-3.6.0/bin"/>
    <property name="USERDOMAIN_ROAMINGPROFILE" value="BCACD001"/>
    <property name="PROMPT" value="$P$G"/>
    <property name="java.vm.specification.version" value="1.8"/>
    <property name="JAVA_HOME" value="C:\java_1.8_64"/>
    <property name="awt.toolkit" value="sun.awt.windows.WToolkit"/>
    <property name="NODE_LABELS" value="master"/>
    <property name="USERPROFILE" value="C:\Users\othnvun"/>
    <property name="JOB_DISPLAY_URL" value="http://unconfigured-jenkins-location/job/Cucumber%20Demo/display/redirect"/>
    <property name="java.ext.dirs" value="C:\java_1.8_64\jre\lib\ext"/>
    <property name="os.version" value="10.0"/>
    <property name="user.home" value="C:\Users\othnvun"/>
    <property name="USERNAME" value="othnvun"/>
    <property name="java.vm.vendor" value="IBM Corporation"/>
    <property name="APPVSERVER" value="SMTN003.BCACD001.ATL.BLUECROSS.CA"/>
    <property name="PROCESSOR_LEVEL" value="6"/>
    <property name="USERDNSDOMAIN" value="BCACD001.ATL.BLUECROSS.CA"/>
    <property name="CommonProgramW6432" value="C:\Program Files\Common Files"/>
    <property name="user.dir" value="H:\git\gapautomation"/>
    <property name="maven.conf" value="C:\apache-maven-3.6.0-bin\apache-maven-3.6.0\conf"/>
    <property name="ProgramW6432" value="C:\Program Files"/>
    <property name="TMP" value="C:\Users\othnvun\AppData\Local\Temp\1"/>
    <property name="UATDATA" value="C:\windows\CCM\UATData\D9F8C395-CAB8-491d-B8AC-179A1FE1BE77"/>
    <property name="INSTALL" value="\\smtn003.bcacd001.atl.bluecross.ca\w7img"/>
    <property name="com.ibm.vm.bitmode" value="64"/>
    <property name="sun.cpu.endian" value="little"/>
    <property name="SystemDrive" value="C:"/>
    <property name="java.vm.version" value="2.8"/>
    <property name="java.class.path" value="C:\Users\othnvun\.jenkins\plugins\maven-plugin\WEB-INF\lib\maven35-agent-1.13.jar;C:\apache-maven-3.6.0-bin\apache-maven-3.6.0\boot\plexus-classworlds-2.5.2.jar;C:\apache-maven-3.6.0-bin\apache-maven-3.6.0/conf/logging"/>
    <property name="org.slf4j.simpleLogger.defaultLogLevel" value="info"/>
    <property name="os.arch" value="amd64"/>
    <property name="WORKSPACE" value="C:\Users\othnvun\.jenkins\workspace\Cucumber Demo"/>
    <property name="ComSpec" value="C:\WINDOWS\system32\cmd.exe"/>
    <property name="sun.java.launcher" value="SUN_STANDARD"/>
    <property name="SystemRoot" value="C:\WINDOWS"/>
    <property name="CommonProgramFiles" value="C:\Program Files (x86)\Common Files"/>
    <property name="java.vm.specification.vendor" value="Oracle Corporation"/>
    <property name="com.ibm.system.agent.path" value="C:\java_1.8_64\jre\bin"/>
    <property name="file.separator" value="\"/>
    <property name="java.runtime.version" value="pwa6480sr3fp20ifx-20161110_01 (SR3 FP20+IV90630+IV90578)"/>
    <property name="ibm.signalhandling.sigint" value="true"/>
    <property name="ProgramFiles" value="C:\Program Files (x86)"/>
    <property name="sun.boot.class.path" value="C:\java_1.8_64\jre\bin\compressedrefs\jclSC180\vm.jar;C:\java_1.8_64\jre\lib\se-service.jar;C:\java_1.8_64\jre\lib\cuda4j.jar;C:\java_1.8_64\jre\lib\math.jar;C:\java_1.8_64\jre\lib\ibmorb.jar;C:\java_1.8_64\jre\lib\ibmorbapi.jar;C:\java_1.8_64\jre\lib\ibmcfw.jar;C:\java_1.8_64\jre\lib\ibmpkcs.jar;C:\java_1.8_64\jre\lib\ibmcertpathfw.jar;C:\java_1.8_64\jre\lib\ibmjgssfw.jar;C:\java_1.8_64\jre\lib\ibmjssefw.jar;C:\java_1.8_64\jre\lib\ibmsaslfw.jar;C:\java_1.8_64\jre\lib\ibmjcefw.jar;C:\java_1.8_64\jre\lib\ibmjgssprovider.jar;C:\java_1.8_64\jre\lib\ibmjsseprovider2.jar;C:\java_1.8_64\jre\lib\ibmcertpathprovider.jar;C:\java_1.8_64\jre\lib\xmldsigfw.jar;C:\java_1.8_64\jre\lib\xml.jar;C:\java_1.8_64\jre\lib\charsets.jar;C:\java_1.8_64\jre\lib\resources.jar;C:\java_1.8_64\jre\lib\rt.jar;C:\java_1.8_64\jre\lib\dataaccess.jar"/>
    <property name="ibm.signalhandling.rs" value="false"/>
    <property name="PATH+JDK" value="C:\java_1.8_64/bin"/>
    <property name="user.country" value="US"/>
    <property name="=ExitCode" value="00000082"/>
    <property name="POM_PACKAGING" value="jar"/>
    <property name="maven.home" value="C:\apache-maven-3.6.0-bin\apache-maven-3.6.0"/>
    <property name="com.ibm.packed.version" value="2"/>
    <property name="JOB_BASE_NAME" value="Cucumber Demo"/>
    <property name="com.ibm.oti.vm.bootstrap.library.path" value="C:\java_1.8_64\jre\bin\compressedrefs;C:\java_1.8_64\jre\bin"/>
    <property name="com.ibm.zero.version" value="2"/>
    <property name="ibm.signalhandling.sigchain" value="true"/>
    <property name="java.vendor" value="IBM Corporation"/>
    <property name="POM_DISPLAYNAME" value="gapautomation"/>
    <property name="java.specification.version" value="1.8"/>
    <property name="sun.arch.data.model" value="64"/>
    <property name="AFUAutoRetrieve" value="true"/>
  </properties>
  <testcase name="runScenario" classname="com.gap.automation.RunCuke_testngTest" time="39.328"/>
</testsuite>