<?xml version="1.0" encoding="UTF-8"?>
<!-- Generated by org.testng.reporters.JUnitReportReporter -->
<testsuite hostname="WMTN207729" name="com.gap.automation.RunCuke_testngTest" tests="1" failures="0" timestamp="23 Mar 2020 18:39:58 GMT" time="29.182" errors="0">
  <testcase name="runScenario" time="29.182" classname="com.gap.automation.RunCuke_testngTest"/>
</testsuite> <!-- com.gap.automation.RunCuke_testngTest -->
