<?xml version="1.0" encoding="UTF-8"?>
<!-- Generated by org.testng.reporters.JUnitReportReporter -->
<testsuite skipped="0" hostname="WMTN207729" name="com.gap.automation.RunCuke_testngTest" tests="1" failures="0" timestamp="2020-03-20T16:34:09 ADT" time="39.313" errors="0">
  <testcase name="runScenario" time="39.313" classname="com.gap.automation.RunCuke_testngTest"/>
  <system-out/>
</testsuite> <!-- com.gap.automation.RunCuke_testngTest -->
